  GA.h
C:\Users\babay\Desktop\NTNU\Bio-Inspired\Project2\Depot.h(129,1): warning C4267: 'argument': conversion from 'size_t' to 'int', possible loss of data
C:\Users\babay\Desktop\NTNU\Bio-Inspired\Project2\Depot.h(148,1): warning C4267: 'return': conversion from 'size_t' to 'int', possible loss of data
C:\Users\babay\Desktop\NTNU\Bio-Inspired\Project2\Individual.h(115,1): warning C4267: 'argument': conversion from 'size_t' to 'int', possible loss of data
C:\Users\babay\Desktop\NTNU\Bio-Inspired\Project2\Individual.h(116,1): warning C4267: 'argument': conversion from 'size_t' to 'int', possible loss of data
C:\Users\babay\Desktop\NTNU\Bio-Inspired\Project2\Individual.h(159,1): warning C4267: 'argument': conversion from 'size_t' to 'int', possible loss of data
C:\Users\babay\Desktop\NTNU\Bio-Inspired\Project2\Individual.h(187,1): warning C4267: 'argument': conversion from 'size_t' to 'int', possible loss of data
  gfun.cpp
C:\Users\babay\Desktop\NTNU\Bio-Inspired\Project2\gfun.cpp(11,13): warning C4244: 'return': conversion from 'double' to 'float', possible loss of data
C:\Users\babay\Desktop\NTNU\Bio-Inspired\Project2\gfun.cpp(22,25): warning C4244: 'return': conversion from 'double' to 'float', possible loss of data
  Individual.h
C:\Users\babay\Desktop\NTNU\Bio-Inspired\Project2\Depot.h(129,1): warning C4267: 'argument': conversion from 'size_t' to 'int', possible loss of data
C:\Users\babay\Desktop\NTNU\Bio-Inspired\Project2\Depot.h(148,1): warning C4267: 'return': conversion from 'size_t' to 'int', possible loss of data
C:\Users\babay\Desktop\NTNU\Bio-Inspired\Project2\Individual.h(115,1): warning C4267: 'argument': conversion from 'size_t' to 'int', possible loss of data
C:\Users\babay\Desktop\NTNU\Bio-Inspired\Project2\Individual.h(116,1): warning C4267: 'argument': conversion from 'size_t' to 'int', possible loss of data
C:\Users\babay\Desktop\NTNU\Bio-Inspired\Project2\Individual.h(159,1): warning C4267: 'argument': conversion from 'size_t' to 'int', possible loss of data
C:\Users\babay\Desktop\NTNU\Bio-Inspired\Project2\Individual.h(187,1): warning C4267: 'argument': conversion from 'size_t' to 'int', possible loss of data
  Main.cpp
C:\Users\babay\Desktop\NTNU\Bio-Inspired\Project2\Depot.h(129,1): warning C4267: 'argument': conversion from 'size_t' to 'int', possible loss of data
C:\Users\babay\Desktop\NTNU\Bio-Inspired\Project2\Depot.h(148,1): warning C4267: 'return': conversion from 'size_t' to 'int', possible loss of data
C:\Users\babay\Desktop\NTNU\Bio-Inspired\Project2\Individual.h(115,1): warning C4267: 'argument': conversion from 'size_t' to 'int', possible loss of data
C:\Users\babay\Desktop\NTNU\Bio-Inspired\Project2\Individual.h(116,1): warning C4267: 'argument': conversion from 'size_t' to 'int', possible loss of data
C:\Users\babay\Desktop\NTNU\Bio-Inspired\Project2\Individual.h(159,1): warning C4267: 'argument': conversion from 'size_t' to 'int', possible loss of data
C:\Users\babay\Desktop\NTNU\Bio-Inspired\Project2\Individual.h(187,1): warning C4267: 'argument': conversion from 'size_t' to 'int', possible loss of data
C:\Users\babay\Desktop\NTNU\Bio-Inspired\Project2\Main.cpp(16,26): warning C4305: 'argument': truncation from 'double' to 'float'
  Methods.cpp
C:\Users\babay\Desktop\NTNU\Bio-Inspired\Project2\Depot.h(129,1): warning C4267: 'argument': conversion from 'size_t' to 'int', possible loss of data
C:\Users\babay\Desktop\NTNU\Bio-Inspired\Project2\Depot.h(148,1): warning C4267: 'return': conversion from 'size_t' to 'int', possible loss of data
C:\Users\babay\Desktop\NTNU\Bio-Inspired\Project2\Individual.h(115,1): warning C4267: 'argument': conversion from 'size_t' to 'int', possible loss of data
C:\Users\babay\Desktop\NTNU\Bio-Inspired\Project2\Individual.h(116,1): warning C4267: 'argument': conversion from 'size_t' to 'int', possible loss of data
C:\Users\babay\Desktop\NTNU\Bio-Inspired\Project2\Individual.h(159,1): warning C4267: 'argument': conversion from 'size_t' to 'int', possible loss of data
C:\Users\babay\Desktop\NTNU\Bio-Inspired\Project2\Individual.h(187,1): warning C4267: 'argument': conversion from 'size_t' to 'int', possible loss of data
C:\Users\babay\Desktop\NTNU\Bio-Inspired\Project2\Methods.cpp(83,45): warning C4267: 'argument': conversion from 'size_t' to 'int', possible loss of data
C:\Users\babay\Desktop\NTNU\Bio-Inspired\Project2\Methods.cpp(84,44): warning C4267: 'argument': conversion from 'size_t' to 'int', possible loss of data
C:\Users\babay\Desktop\NTNU\Bio-Inspired\Project2\Methods.cpp(113,64): warning C4267: 'argument': conversion from 'size_t' to 'int', possible loss of data
C:\Users\babay\Desktop\NTNU\Bio-Inspired\Project2\Methods.cpp(127,72): warning C4267: 'argument': conversion from 'size_t' to 'int', possible loss of data
C:\Users\babay\Desktop\NTNU\Bio-Inspired\Project2\Methods.cpp(147,51): warning C4267: 'argument': conversion from 'size_t' to 'int', possible loss of data
C:\Users\babay\Desktop\NTNU\Bio-Inspired\Project2\Methods.cpp(148,51): warning C4267: 'argument': conversion from 'size_t' to 'int', possible loss of data
C:\Users\babay\Desktop\NTNU\Bio-Inspired\Project2\Methods.cpp(159,78): warning C4267: 'argument': conversion from 'size_t' to 'int', possible loss of data
C:\Users\babay\Desktop\NTNU\Bio-Inspired\Project2\Methods.cpp(160,78): warning C4267: 'argument': conversion from 'size_t' to 'int', possible loss of data
C:\Users\babay\Desktop\NTNU\Bio-Inspired\Project2\Methods.cpp(260,70): warning C4244: '=': conversion from 'float' to 'int', possible loss of data
C:\Users\babay\Desktop\NTNU\Bio-Inspired\Project2\Methods.cpp(328,70): warning C4244: '=': conversion from 'float' to 'int', possible loss of data
  Generating Code...
  Project2.vcxproj -> C:\Users\babay\Desktop\NTNU\Bio-Inspired\Project2\x64\Debug\Project2.exe
